  Communicator.cpp
C:\Users\test0\OneDrive\מסמכים\Magshimim\Year 2\Trivia Project\V1.0.3\trivia_group2\TriviaProject\V1.0.1 MT Server\Communicator.cpp(129,59): warning C4267: 'argument': conversion from 'size_t' to 'unsigned int', possible loss of data
C:\Users\test0\OneDrive\מסמכים\Magshimim\Year 2\Trivia Project\V1.0.3\trivia_group2\TriviaProject\V1.0.1 MT Server\Communicator.cpp(150,55): warning C4267: 'argument': conversion from 'size_t' to 'int', possible loss of data
C:\Users\test0\OneDrive\מסמכים\Magshimim\Year 2\Trivia Project\V1.0.3\trivia_group2\TriviaProject\V1.0.1 MT Server\Communicator.cpp(166,72): warning C4267: 'argument': conversion from 'size_t' to 'int', possible loss of data
C:\Users\test0\OneDrive\מסמכים\Magshimim\Year 2\Trivia Project\V1.0.3\trivia_group2\TriviaProject\V1.0.1 MT Server\Communicator.cpp(219,31): warning C4101: 'e': unreferenced local variable
  IDatabase.cpp
  IRequestHandler.cpp
  JsonRequestPacketDeserializer.cpp
  JsonResponsePacketSerializer.cpp
  LoggedUser.cpp
  LoginManager.cpp
C:\Users\test0\OneDrive\מסמכים\Magshimim\Year 2\Trivia Project\V1.0.3\trivia_group2\TriviaProject\V1.0.1 MT Server\LoginManager.cpp(15,61): warning C4390: ';': empty controlled statement found; is this the intent?
  LoginRequestHandler.cpp
  MenuRequestHandler.cpp
  RequestHandlerFactory.cpp
  Server.cpp
  Source.cpp
  SqliteDataBase.cpp
  WSAInitializer.cpp
  Generating Code...
  sqlite3.c
  V1.0.1 MT Server.vcxproj -> C:\Users\test0\OneDrive\מסמכים\Magshimim\Year 2\Trivia Project\V1.0.3\trivia_group2\TriviaProject\x64\Debug\V1.0.1 MT Server.exe
