  Communicator.cpp
C:\Users\test0\OneDrive\שולחן העבודה\trivia_group2\TriviaProject\TriviaProject\MenuRequestHandler.h(25,16): error C2535: 'RequestResult MenuRequestHandler::joinRoom(RequestInfo)': member function already defined or declared
C:\Users\test0\OneDrive\שולחן העבודה\trivia_group2\TriviaProject\TriviaProject\MenuRequestHandler.h(22,16): message : see declaration of 'MenuRequestHandler::joinRoom'
C:\Users\test0\OneDrive\שולחן העבודה\trivia_group2\TriviaProject\TriviaProject\MenuRequestHandler.h(26,16): error C2535: 'RequestResult MenuRequestHandler::createRoom(RequestInfo)': member function already defined or declared
C:\Users\test0\OneDrive\שולחן העבודה\trivia_group2\TriviaProject\TriviaProject\MenuRequestHandler.h(23,16): message : see declaration of 'MenuRequestHandler::createRoom'
C:\Users\test0\OneDrive\שולחן העבודה\trivia_group2\TriviaProject\TriviaProject\Communicator.cpp(108,35): warning C4267: 'initializing': conversion from 'size_t' to 'int', possible loss of data
C:\Users\test0\OneDrive\שולחן העבודה\trivia_group2\TriviaProject\TriviaProject\Communicator.cpp(131,55): warning C4267: 'argument': conversion from 'size_t' to 'int', possible loss of data
C:\Users\test0\OneDrive\שולחן העבודה\trivia_group2\TriviaProject\TriviaProject\Communicator.cpp(169,72): warning C4267: 'argument': conversion from 'size_t' to 'int', possible loss of data
  LoginRequestHandler.cpp
C:\Users\test0\OneDrive\שולחן העבודה\trivia_group2\TriviaProject\TriviaProject\MenuRequestHandler.h(25,16): error C2535: 'RequestResult MenuRequestHandler::joinRoom(RequestInfo)': member function already defined or declared
C:\Users\test0\OneDrive\שולחן העבודה\trivia_group2\TriviaProject\TriviaProject\MenuRequestHandler.h(22,16): message : see declaration of 'MenuRequestHandler::joinRoom'
C:\Users\test0\OneDrive\שולחן העבודה\trivia_group2\TriviaProject\TriviaProject\MenuRequestHandler.h(26,16): error C2535: 'RequestResult MenuRequestHandler::createRoom(RequestInfo)': member function already defined or declared
C:\Users\test0\OneDrive\שולחן העבודה\trivia_group2\TriviaProject\TriviaProject\MenuRequestHandler.h(23,16): message : see declaration of 'MenuRequestHandler::createRoom'
  MenuRequestHandler.cpp
C:\Users\test0\OneDrive\שולחן העבודה\trivia_group2\TriviaProject\TriviaProject\MenuRequestHandler.h(25,16): error C2535: 'RequestResult MenuRequestHandler::joinRoom(RequestInfo)': member function already defined or declared
C:\Users\test0\OneDrive\שולחן העבודה\trivia_group2\TriviaProject\TriviaProject\MenuRequestHandler.h(22,16): message : see declaration of 'MenuRequestHandler::joinRoom'
C:\Users\test0\OneDrive\שולחן העבודה\trivia_group2\TriviaProject\TriviaProject\MenuRequestHandler.h(26,16): error C2535: 'RequestResult MenuRequestHandler::createRoom(RequestInfo)': member function already defined or declared
C:\Users\test0\OneDrive\שולחן העבודה\trivia_group2\TriviaProject\TriviaProject\MenuRequestHandler.h(23,16): message : see declaration of 'MenuRequestHandler::createRoom'
C:\Users\test0\OneDrive\שולחן העבודה\trivia_group2\TriviaProject\TriviaProject\MenuRequestHandler.cpp(4,1): error C2512: 'LoggedUser': no appropriate default constructor available
C:\Users\test0\OneDrive\שולחן העבודה\trivia_group2\TriviaProject\TriviaProject\LoggedUser.h(3,7): message : see declaration of 'LoggedUser'
  RequestHandlerFactory.cpp
C:\Users\test0\OneDrive\שולחן העבודה\trivia_group2\TriviaProject\TriviaProject\MenuRequestHandler.h(25,16): error C2535: 'RequestResult MenuRequestHandler::joinRoom(RequestInfo)': member function already defined or declared
C:\Users\test0\OneDrive\שולחן העבודה\trivia_group2\TriviaProject\TriviaProject\MenuRequestHandler.h(22,16): message : see declaration of 'MenuRequestHandler::joinRoom'
C:\Users\test0\OneDrive\שולחן העבודה\trivia_group2\TriviaProject\TriviaProject\MenuRequestHandler.h(26,16): error C2535: 'RequestResult MenuRequestHandler::createRoom(RequestInfo)': member function already defined or declared
C:\Users\test0\OneDrive\שולחן העבודה\trivia_group2\TriviaProject\TriviaProject\MenuRequestHandler.h(23,16): message : see declaration of 'MenuRequestHandler::createRoom'
  Server.cpp
C:\Users\test0\OneDrive\שולחן העבודה\trivia_group2\TriviaProject\TriviaProject\MenuRequestHandler.h(25,16): error C2535: 'RequestResult MenuRequestHandler::joinRoom(RequestInfo)': member function already defined or declared
C:\Users\test0\OneDrive\שולחן העבודה\trivia_group2\TriviaProject\TriviaProject\MenuRequestHandler.h(22,16): message : see declaration of 'MenuRequestHandler::joinRoom'
C:\Users\test0\OneDrive\שולחן העבודה\trivia_group2\TriviaProject\TriviaProject\MenuRequestHandler.h(26,16): error C2535: 'RequestResult MenuRequestHandler::createRoom(RequestInfo)': member function already defined or declared
C:\Users\test0\OneDrive\שולחן העבודה\trivia_group2\TriviaProject\TriviaProject\MenuRequestHandler.h(23,16): message : see declaration of 'MenuRequestHandler::createRoom'
  Source.cpp
C:\Users\test0\OneDrive\שולחן העבודה\trivia_group2\TriviaProject\TriviaProject\MenuRequestHandler.h(25,16): error C2535: 'RequestResult MenuRequestHandler::joinRoom(RequestInfo)': member function already defined or declared
C:\Users\test0\OneDrive\שולחן העבודה\trivia_group2\TriviaProject\TriviaProject\MenuRequestHandler.h(22,16): message : see declaration of 'MenuRequestHandler::joinRoom'
C:\Users\test0\OneDrive\שולחן העבודה\trivia_group2\TriviaProject\TriviaProject\MenuRequestHandler.h(26,16): error C2535: 'RequestResult MenuRequestHandler::createRoom(RequestInfo)': member function already defined or declared
C:\Users\test0\OneDrive\שולחן העבודה\trivia_group2\TriviaProject\TriviaProject\MenuRequestHandler.h(23,16): message : see declaration of 'MenuRequestHandler::createRoom'
  WSAInitializer.cpp
  Generating Code...
